<html>
<body>
<pre>
<h1>µVision Build Log</h1>
<h2>Tool Versions:</h2>
IDE-Version: µVision V5.27.1.0
Copyright (C) 2019 ARM Ltd and ARM Germany GmbH. All rights reserved.
License Information: Minghui Xu, The George Washington University, LIC=1L2UG-V6QZG-B3UGA-EYPYV-K0DQJ-A3N6D
 
Tool Versions:
Toolchain:       MDK-ARM Cortex-M0/M23 for Nuvoton  Version: 5.27.1.0
Toolchain Path:  C:\Keil_v5\ARM\ARMCLANG\Bin
C Compiler:      ArmClang.exe V6.12
Assembler:       Armasm.exe V6.12
Linker/Locator:  ArmLink.exe V6.12
Library Manager: ArmAr.exe V6.12
Hex Converter:   FromElf.exe V6.12
CPU DLL:         
Dialog DLL:      
Target DLL:      NULink\Nu_Link.dll V2.06
Dialog DLL:      TCM.DLL V1.36.1.0
 
<h2>Project:</h2>
C:\Users\mingh\Desktop\M2351BSP-master\SampleCode\StdDriver\CRYPTO_ECC_SignatureTest\KEIL\CRYPTO_ECC_SignatureVerification.uvprojx
Project File Date:  05/07/2019

<h2>Output:</h2>
*** Using Compiler 'V6.12', folder: 'C:\Keil_v5\ARM\ARMCLANG\Bin'
*** Warning: You are compiling one or more files of source type C++ and have selected 'use MicroLIB'. MicroLIB does not support C++!
  
Rebuild target 'CRYPTO_ECC_SignatureVerification'
assembling startup_M2351.s...
creating preprocessor file for system_M2351.c...
compiling sys.c...
creating preprocessor file for clk.c...
creating preprocessor file for sys.c...
compiling system_M2351.c...
creating preprocessor file for retarget.c...
creating preprocessor file for main.c...
compiling retarget.c...
../main.c(218): error: use of undeclared identifier 'CLKPR'
                CLKPR = 0x80; // enter clock rate change mode
                ^
../main.c(219): error: use of undeclared identifier 'CLKPR'
                CLKPR = 0; // set prescaler to 0. WAVGAT MCU has it 3 by default.
                ^
../main.c(221): warning: implicit declaration of function 'initializeScreenAndCamera' is invalid in C99 [-Wimplicit-function-declaration]
                initializeScreenAndCamera();
                ^
../main.c(222): warning: implicit declaration of function 'processFrame' is invalid in C99 [-Wimplicit-function-declaration]
                processFrame();
                ^
2 warnings and 2 errors generated.
compiling main.c...
compiling clk.c...
creating preprocessor file for uart.c...
creating preprocessor file for Adafruit_ST7735_mod.cpp...
../../../../../OV7670DriverFile/Adafruit_ST7735_mod.cpp(24): warning: In file included from...
../../../../../OV7670DriverFile/Adafruit_ST7735_mod.h(31): error: 'WProgram.h' file not found
 #include "WProgram.h"
          ^~~~~~~~~~~~
1 error generated.
compiling Adafruit_ST7735_mod.cpp...
creating preprocessor file for Arduino.cpp...
compiling Arduino.cpp...
compiling uart.c...
creating preprocessor file for crypto.c...
compiling crypto.c...
creating preprocessor file for CameraOV7670.cpp...
creating preprocessor file for ExampleUart.cpp...
creating preprocessor file for Wire.cpp...
compiling CameraOV7670.cpp...
../../../../../OV7670DriverFile/ExampleUart.cpp(115): error: use of undeclared identifier 'TIMSK0'
  TIMSK0 = 0; // disable "millis" timer interrupt
  ^
../../../../../OV7670DriverFile/ExampleUart.cpp(184): error: use of undeclared identifier 'UDR0'
  UDR0 = 0x00;
  ^
../../../../../OV7670DriverFile/ExampleUart.cpp(186): error: use of undeclared identifier 'UDR0'
  UDR0 = COMMAND_NEW_FRAME;
  ^
../../../../../OV7670DriverFile/ExampleUart.cpp(190): error: use of undeclared identifier 'UDR0'
  UDR0 = (lineLength >> 8) & 0xFF;
  ^
../../../../../OV7670DriverFile/ExampleUart.cpp(192): error: use of undeclared identifier 'UDR0'
  UDR0 = lineLength & 0xFF;
  ^
../../../../../OV7670DriverFile/ExampleUart.cpp(196): error: use of undeclared identifier 'UDR0'
  UDR0 = (lineCount >> 8) & 0xFF;
  ^
../../../../../OV7670DriverFile/ExampleUart.cpp(198): error: use of undeclared identifier 'UDR0'
  UDR0 = lineCount & 0xFF;
  ^
../../../../../OV7670DriverFile/ExampleUart.cpp(202): error: use of undeclared identifier 'UDR0'
  UDR0 = (pixelFormat);
  ^
../../../../../OV7670DriverFile/ExampleUart.cpp(209): error: use of undeclared identifier 'UDR0'
  UDR0 = 0x00;
  ^
../../../../../OV7670DriverFile/ExampleUart.cpp(211): error: use of undeclared identifier 'UDR0'
  UDR0 = COMMAND_END_OF_LINE;
  ^
../../../../../OV7670DriverFile/ExampleUart.cpp(236): error: use of undeclared identifier 'UDR0'
  UDR0 = byte | 0b00001000; // make pixel color always slightly above 0 since zero is end of line marker
  ^
../../../../../OV7670DriverFile/ExampleUart.cpp(241): error: use of undeclared identifier 'UDR0'
  UDR0 = byte | 0b00100001; // make pixel color always slightly above 0 since zero is end of line marker
  ^
../../../../../OV7670DriverFile/ExampleUart.cpp(245): error: use of undeclared identifier 'UDR0'
  UDR0 = byte | 0b00000001; // make pixel color always slightly above 0 since zero is end of line marker
  ^
../../../../../OV7670DriverFile/ExampleUart.cpp(253): error: use of undeclared identifier 'UCSR0A'
  while(!( UCSR0A & (1<<UDRE0)));//wait for byte to transmit
           ^
../../../../../OV7670DriverFile/ExampleUart.cpp(253): error: use of undeclared identifier 'UDRE0'
  while(!( UCSR0A & (1<<UDRE0)));//wait for byte to transmit
                        ^
15 errors generated.
compiling ExampleUart.cpp...
compiling Wire.cpp...
".\obj\CRYPTO_ECC_SignatureVerification.axf" - 18 Error(s), 2 Warning(s).

<h2>Software Packages used:</h2>

Package Vendor: Nuvoton
                http://www.nuvoton.com/hq/enu/Documents/KEILSoftwarePack/Nuvoton.NuMicro_DFP.1.3.3.pack
                Nuvoton.NuMicro_DFP.1.3.3
                Nuvoton ARM Cortex-M NuMicro Family Device Support

<h2>Collection of Component include folders:</h2>
  .\RTE\_CRYPTO_ECC_SignatureVerification
  C:\Users\mingh\AppData\Local\Arm\Packs\Nuvoton\NuMicro_DFP\1.3.3\Device\M2351\Include

<h2>Collection of Component Files used:</h2>
Target not created.
Build Time Elapsed:  00:00:01
</pre>
</body>
</html>
